sdk/will-tutorils/drawing-with-touch/build/outputs/logs/manifest-merger-debug-report.txt
-- Merging decision tree log ---
manifest
ADDED from src/main/AndroidManifest.xml:2:1-67:12
	package
		ADDED from src/main/AndroidManifest.xml:3:5-50
		INJECTED from src/main/AndroidManifest.xml
		INJECTED from src/main/AndroidManifest.xml
	android:versionName
		INJECTED from src/main/AndroidManifest.xml
		INJECTED from src/main/AndroidManifest.xml
	xmlns:android
		ADDED from src/main/AndroidManifest.xml:2:11-69
	android:versionCode
		INJECTED from src/main/AndroidManifest.xml
		INJECTED from src/main/AndroidManifest.xml
uses-feature#0x00020000
ADDED from src/main/AndroidManifest.xml:5:5-7:35
	android:glEsVersion
		ADDED from src/main/AndroidManifest.xml:6:9-41
	android:required
		ADDED from src/main/AndroidManifest.xml:7:9-32
application
ADDED from src/main/AndroidManifest.xml:9:5-65:19
	android:label
		ADDED from src/main/AndroidManifest.xml:13:9-41
	android:hardwareAccelerated
		ADDED from src/main/AndroidManifest.xml:11:9-44
	android:allowBackup
		ADDED from src/main/AndroidManifest.xml:10:9-35
	android:icon
		ADDED from src/main/AndroidManifest.xml:12:9-45
	android:theme
		ADDED from src/main/AndroidManifest.xml:14:9-40
activity#com.wacom.ink.samples.drawwithtouch.DrawWithTouchPart01
ADDED from src/main/AndroidManifest.xml:15:9-20:20
	android:label
		ADDED from src/main/AndroidManifest.xml:16:13-42
	android:exported
		ADDED from src/main/AndroidManifest.xml:18:13-36
	android:configChanges
		ADDED from src/main/AndroidManifest.xml:19:13-74
	android:name
		ADDED from src/main/AndroidManifest.xml:17:13-48
activity#com.wacom.ink.samples.drawwithtouch.DrawWithTouchPart02
ADDED from src/main/AndroidManifest.xml:21:9-26:20
	android:label
		ADDED from src/main/AndroidManifest.xml:22:13-42
	android:exported
		ADDED from src/main/AndroidManifest.xml:24:13-36
	android:configChanges
		ADDED from src/main/AndroidManifest.xml:25:13-74
	android:name
		ADDED from src/main/AndroidManifest.xml:23:13-48
activity#com.wacom.ink.samples.drawwithtouch.DrawWithTouchPart03
ADDED from src/main/AndroidManifest.xml:27:9-32:20
	android:label
		ADDED from src/main/AndroidManifest.xml:28:13-42
	android:exported
		ADDED from src/main/AndroidManifest.xml:30:13-36
	android:configChanges
		ADDED from src/main/AndroidManifest.xml:31:13-74
	android:name
		ADDED from src/main/AndroidManifest.xml:29:13-48
activity#com.wacom.ink.samples.drawwithtouch.DrawWithTouchPart04
ADDED from src/main/AndroidManifest.xml:33:9-38:20
	android:label
		ADDED from src/main/AndroidManifest.xml:34:13-42
	android:exported
		ADDED from src/main/AndroidManifest.xml:36:13-36
	android:configChanges
		ADDED from src/main/AndroidManifest.xml:37:13-74
	android:name
		ADDED from src/main/AndroidManifest.xml:35:13-48
activity#com.wacom.ink.samples.drawwithtouch.DrawWithTouchPart05
ADDED from src/main/AndroidManifest.xml:39:9-44:20
	android:label
		ADDED from src/main/AndroidManifest.xml:40:13-42
	android:exported
		ADDED from src/main/AndroidManifest.xml:42:13-36
	android:configChanges
		ADDED from src/main/AndroidManifest.xml:43:13-74
	android:name
		ADDED from src/main/AndroidManifest.xml:41:13-48
activity#com.wacom.ink.samples.drawwithtouch.DrawWithTouchPart06
ADDED from src/main/AndroidManifest.xml:45:9-50:20
	android:label
		ADDED from src/main/AndroidManifest.xml:46:13-42
	android:exported
		ADDED from src/main/AndroidManifest.xml:48:13-36
	android:configChanges
		ADDED from src/main/AndroidManifest.xml:49:13-74
	android:name
		ADDED from src/main/AndroidManifest.xml:47:13-48
activity#com.wacom.ink.samples.drawwithtouch.DrawWithTouchPart07
ADDED from src/main/AndroidManifest.xml:51:9-56:20
	android:label
		ADDED from src/main/AndroidManifest.xml:52:13-42
	android:exported
		ADDED from src/main/AndroidManifest.xml:54:13-36
	android:configChanges
		ADDED from src/main/AndroidManifest.xml:55:13-74
	android:name
		ADDED from src/main/AndroidManifest.xml:53:13-48
activity#com.wacom.ink.samples.drawwithtouch.MainActivity
ADDED from src/main/AndroidManifest.xml:57:9-64:20
	android:label
		ADDED from src/main/AndroidManifest.xml:59:13-56
	android:name
		ADDED from src/main/AndroidManifest.xml:58:13-41
intent-filter#android.intent.action.MAIN+android.intent.category.LAUNCHER
ADDED from src/main/AndroidManifest.xml:60:13-63:29
action#android.intent.action.MAIN
ADDED from src/main/AndroidManifest.xml:61:17-69
	android:name
		ADDED from src/main/AndroidManifest.xml:61:25-66
category#android.intent.category.LAUNCHER
ADDED from src/main/AndroidManifest.xml:62:17-77
	android:name
		ADDED from src/main/AndroidManifest.xml:62:27-74
uses-sdk
INJECTED from src/main/AndroidManifest.xml reason: use-sdk injection requested
MERGED from [will-tutorils:will-sdk:unspecified] AndroidManifest.xml:7:5-9:41
	android:targetSdkVersion
		INJECTED from src/main/AndroidManifest.xml
		INJECTED from src/main/AndroidManifest.xml
	android:minSdkVersion
		INJECTED from src/main/AndroidManifest.xml
		INJECTED from src/main/AndroidManifest.xml